2024-07-31T10:29:46.503+05:30  INFO 12676 --- [user-microservice] [main] c.e.u.UserMicroserviceApplication        : Starting UserMicroserviceApplication using Java 21.0.4 with PID 12676 (C:\Users\ACER\IdeaProjects\Ewallet\user-microservice\target\classes started by ACER in C:\Users\ACER\IdeaProjects\Ewallet)
2024-07-31T10:29:46.520+05:30  INFO 12676 --- [user-microservice] [main] c.e.u.UserMicroserviceApplication        : No active profile set, falling back to 1 default profile: "default"
2024-07-31T10:29:47.691+05:30  INFO 12676 --- [user-microservice] [main] .s.d.r.c.RepositoryConfigurationDelegate : Bootstrapping Spring Data JPA repositories in DEFAULT mode.
2024-07-31T10:29:47.780+05:30  INFO 12676 --- [user-microservice] [main] .s.d.r.c.RepositoryConfigurationDelegate : Finished Spring Data repository scanning in 77 ms. Found 1 JPA repository interface.
2024-07-31T10:29:48.729+05:30  INFO 12676 --- [user-microservice] [main] o.s.b.w.embedded.tomcat.TomcatWebServer  : Tomcat initialized with port 8001 (http)
2024-07-31T10:29:48.748+05:30  INFO 12676 --- [user-microservice] [main] o.apache.catalina.core.StandardService   : Starting service [Tomcat]
2024-07-31T10:29:48.750+05:30  INFO 12676 --- [user-microservice] [main] o.apache.catalina.core.StandardEngine    : Starting Servlet engine: [Apache Tomcat/10.1.26]
2024-07-31T10:29:48.832+05:30  INFO 12676 --- [user-microservice] [main] o.a.c.c.C.[Tomcat].[localhost].[/]       : Initializing Spring embedded WebApplicationContext
2024-07-31T10:29:48.833+05:30  INFO 12676 --- [user-microservice] [main] w.s.c.ServletWebServerApplicationContext : Root WebApplicationContext: initialization completed in 2247 ms
2024-07-31T10:29:49.053+05:30  INFO 12676 --- [user-microservice] [main] o.hibernate.jpa.internal.util.LogHelper  : HHH000204: Processing PersistenceUnitInfo [name: default]
2024-07-31T10:29:49.143+05:30  INFO 12676 --- [user-microservice] [main] org.hibernate.Version                    : HHH000412: Hibernate ORM core version 6.5.2.Final
2024-07-31T10:29:49.200+05:30  INFO 12676 --- [user-microservice] [main] o.h.c.internal.RegionFactoryInitiator    : HHH000026: Second-level cache disabled
2024-07-31T10:29:49.608+05:30  INFO 12676 --- [user-microservice] [main] o.s.o.j.p.SpringPersistenceUnitInfo      : No LoadTimeWeaver setup: ignoring JPA class transformer
2024-07-31T10:29:49.652+05:30  INFO 12676 --- [user-microservice] [main] com.zaxxer.hikari.HikariDataSource       : HikariPool-1 - Starting...
2024-07-31T10:29:50.348+05:30  INFO 12676 --- [user-microservice] [main] com.zaxxer.hikari.pool.HikariPool        : HikariPool-1 - Added connection com.mysql.cj.jdbc.ConnectionImpl@3f6f9cef
2024-07-31T10:29:50.352+05:30  INFO 12676 --- [user-microservice] [main] com.zaxxer.hikari.HikariDataSource       : HikariPool-1 - Start completed.
2024-07-31T10:29:52.195+05:30  INFO 12676 --- [user-microservice] [main] o.h.e.t.j.p.i.JtaPlatformInitiator       : HHH000489: No JTA platform available (set 'hibernate.transaction.jta.platform' to enable JTA platform integration)
2024-07-31T10:29:52.307+05:30  INFO 12676 --- [user-microservice] [main] j.LocalContainerEntityManagerFactoryBean : Initialized JPA EntityManagerFactory for persistence unit 'default'
2024-07-31T10:29:52.890+05:30  WARN 12676 --- [user-microservice] [main] JpaBaseConfiguration$JpaWebConfiguration : spring.jpa.open-in-view is enabled by default. Therefore, database queries may be performed during view rendering. Explicitly configure spring.jpa.open-in-view to disable this warning
2024-07-31T10:29:52.931+05:30  INFO 12676 --- [user-microservice] [main] r$InitializeUserDetailsManagerConfigurer : Global AuthenticationManager configured with UserDetailsService bean with name userService
2024-07-31T10:29:53.803+05:30  INFO 12676 --- [user-microservice] [main] o.s.b.w.embedded.tomcat.TomcatWebServer  : Tomcat started on port 8001 (http) with context path '/'
2024-07-31T10:29:53.819+05:30  INFO 12676 --- [user-microservice] [main] c.e.u.UserMicroserviceApplication        : Started UserMicroserviceApplication in 8.0 seconds (process running for 10.231)
2024-07-31T10:30:03.863+05:30  INFO 12676 --- [user-microservice] [http-nio-8001-exec-2] o.a.c.c.C.[Tomcat].[localhost].[/]       : Initializing Spring DispatcherServlet 'dispatcherServlet'
2024-07-31T10:30:03.864+05:30  INFO 12676 --- [user-microservice] [http-nio-8001-exec-2] o.s.web.servlet.DispatcherServlet        : Initializing Servlet 'dispatcherServlet'
2024-07-31T10:30:03.867+05:30  INFO 12676 --- [user-microservice] [http-nio-8001-exec-2] o.s.web.servlet.DispatcherServlet        : Completed initialization in 3 ms
2024-07-31T10:33:20.158+05:30  INFO 12676 --- [user-microservice] [SpringApplicationShutdownHook] j.LocalContainerEntityManagerFactoryBean : Closing JPA EntityManagerFactory for persistence unit 'default'
2024-07-31T10:33:20.165+05:30  INFO 12676 --- [user-microservice] [SpringApplicationShutdownHook] com.zaxxer.hikari.HikariDataSource       : HikariPool-1 - Shutdown initiated...
2024-07-31T10:33:20.191+05:30  INFO 12676 --- [user-microservice] [SpringApplicationShutdownHook] com.zaxxer.hikari.HikariDataSource       : HikariPool-1 - Shutdown completed.
