2024-07-31T17:33:11.353+05:30  INFO 22936 --- [transaction-microservice] [main] c.e.t.TransactionMicroserviceApplication : Starting TransactionMicroserviceApplication using Java 21.0.4 with PID 22936 (C:\Users\ACER\IdeaProjects\Ewallet\transaction-microservice\target\classes started by ACER in C:\Users\ACER\IdeaProjects\Ewallet)
2024-07-31T17:33:11.358+05:30  INFO 22936 --- [transaction-microservice] [main] c.e.t.TransactionMicroserviceApplication : No active profile set, falling back to 1 default profile: "default"
2024-07-31T17:33:12.577+05:30  INFO 22936 --- [transaction-microservice] [main] .s.d.r.c.RepositoryConfigurationDelegate : Bootstrapping Spring Data JPA repositories in DEFAULT mode.
2024-07-31T17:33:12.652+05:30  INFO 22936 --- [transaction-microservice] [main] .s.d.r.c.RepositoryConfigurationDelegate : Finished Spring Data repository scanning in 62 ms. Found 1 JPA repository interface.
2024-07-31T17:33:12.931+05:30  INFO 22936 --- [transaction-microservice] [main] o.s.cloud.context.scope.GenericScope     : BeanFactory id=742aff38-4ecb-32dd-bf24-6725afd16417
2024-07-31T17:33:13.648+05:30  INFO 22936 --- [transaction-microservice] [main] o.s.b.w.embedded.tomcat.TomcatWebServer  : Tomcat initialized with port 8004 (http)
2024-07-31T17:33:13.666+05:30  INFO 22936 --- [transaction-microservice] [main] o.apache.catalina.core.StandardService   : Starting service [Tomcat]
2024-07-31T17:33:13.666+05:30  INFO 22936 --- [transaction-microservice] [main] o.apache.catalina.core.StandardEngine    : Starting Servlet engine: [Apache Tomcat/10.1.26]
2024-07-31T17:33:13.747+05:30  INFO 22936 --- [transaction-microservice] [main] o.a.c.c.C.[Tomcat].[localhost].[/]       : Initializing Spring embedded WebApplicationContext
2024-07-31T17:33:13.747+05:30  INFO 22936 --- [transaction-microservice] [main] w.s.c.ServletWebServerApplicationContext : Root WebApplicationContext: initialization completed in 2327 ms
2024-07-31T17:33:13.971+05:30  INFO 22936 --- [transaction-microservice] [main] o.hibernate.jpa.internal.util.LogHelper  : HHH000204: Processing PersistenceUnitInfo [name: default]
2024-07-31T17:33:14.063+05:30  INFO 22936 --- [transaction-microservice] [main] org.hibernate.Version                    : HHH000412: Hibernate ORM core version 6.5.2.Final
2024-07-31T17:33:14.119+05:30  INFO 22936 --- [transaction-microservice] [main] o.h.c.internal.RegionFactoryInitiator    : HHH000026: Second-level cache disabled
2024-07-31T17:33:14.495+05:30  INFO 22936 --- [transaction-microservice] [main] o.s.o.j.p.SpringPersistenceUnitInfo      : No LoadTimeWeaver setup: ignoring JPA class transformer
2024-07-31T17:33:14.537+05:30  INFO 22936 --- [transaction-microservice] [main] com.zaxxer.hikari.HikariDataSource       : HikariPool-1 - Starting...
2024-07-31T17:33:15.120+05:30  INFO 22936 --- [transaction-microservice] [main] com.zaxxer.hikari.pool.HikariPool        : HikariPool-1 - Added connection com.mysql.cj.jdbc.ConnectionImpl@5e681097
2024-07-31T17:33:15.123+05:30  INFO 22936 --- [transaction-microservice] [main] com.zaxxer.hikari.HikariDataSource       : HikariPool-1 - Start completed.
2024-07-31T17:33:16.341+05:30  INFO 22936 --- [transaction-microservice] [main] o.h.e.t.j.p.i.JtaPlatformInitiator       : HHH000489: No JTA platform available (set 'hibernate.transaction.jta.platform' to enable JTA platform integration)
2024-07-31T17:33:16.494+05:30  INFO 22936 --- [transaction-microservice] [main] j.LocalContainerEntityManagerFactoryBean : Initialized JPA EntityManagerFactory for persistence unit 'default'
2024-07-31T17:33:16.643+05:30  WARN 22936 --- [transaction-microservice] [main] JpaBaseConfiguration$JpaWebConfiguration : spring.jpa.open-in-view is enabled by default. Therefore, database queries may be performed during view rendering. Explicitly configure spring.jpa.open-in-view to disable this warning
2024-07-31T17:33:16.786+05:30  INFO 22936 --- [transaction-microservice] [main] r$InitializeUserDetailsManagerConfigurer : Global AuthenticationManager configured with UserDetailsService bean with name transactionService
2024-07-31T17:33:17.656+05:30  INFO 22936 --- [transaction-microservice] [main] o.s.b.w.embedded.tomcat.TomcatWebServer  : Tomcat started on port 8004 (http) with context path '/'
2024-07-31T17:33:17.672+05:30  INFO 22936 --- [transaction-microservice] [main] c.e.t.TransactionMicroserviceApplication : Started TransactionMicroserviceApplication in 6.971 seconds (process running for 8.401)
2024-07-31T17:33:30.557+05:30  INFO 22936 --- [transaction-microservice] [SpringApplicationShutdownHook] j.LocalContainerEntityManagerFactoryBean : Closing JPA EntityManagerFactory for persistence unit 'default'
2024-07-31T17:33:30.560+05:30  INFO 22936 --- [transaction-microservice] [SpringApplicationShutdownHook] com.zaxxer.hikari.HikariDataSource       : HikariPool-1 - Shutdown initiated...
2024-07-31T17:33:30.574+05:30  INFO 22936 --- [transaction-microservice] [SpringApplicationShutdownHook] com.zaxxer.hikari.HikariDataSource       : HikariPool-1 - Shutdown completed.
2024-07-31T17:33:34.194+05:30  INFO 13652 --- [transaction-microservice] [main] c.e.t.TransactionMicroserviceApplication : Starting TransactionMicroserviceApplication using Java 21.0.4 with PID 13652 (C:\Users\ACER\IdeaProjects\Ewallet\transaction-microservice\target\classes started by ACER in C:\Users\ACER\IdeaProjects\Ewallet)
2024-07-31T17:33:34.198+05:30  INFO 13652 --- [transaction-microservice] [main] c.e.t.TransactionMicroserviceApplication : No active profile set, falling back to 1 default profile: "default"
2024-07-31T17:33:35.162+05:30  INFO 13652 --- [transaction-microservice] [main] .s.d.r.c.RepositoryConfigurationDelegate : Bootstrapping Spring Data JPA repositories in DEFAULT mode.
2024-07-31T17:33:35.248+05:30  INFO 13652 --- [transaction-microservice] [main] .s.d.r.c.RepositoryConfigurationDelegate : Finished Spring Data repository scanning in 76 ms. Found 1 JPA repository interface.
2024-07-31T17:33:35.532+05:30  INFO 13652 --- [transaction-microservice] [main] o.s.cloud.context.scope.GenericScope     : BeanFactory id=742aff38-4ecb-32dd-bf24-6725afd16417
2024-07-31T17:33:36.038+05:30  INFO 13652 --- [transaction-microservice] [main] o.s.b.w.embedded.tomcat.TomcatWebServer  : Tomcat initialized with port 8004 (http)
2024-07-31T17:33:36.050+05:30  INFO 13652 --- [transaction-microservice] [main] o.apache.catalina.core.StandardService   : Starting service [Tomcat]
2024-07-31T17:33:36.051+05:30  INFO 13652 --- [transaction-microservice] [main] o.apache.catalina.core.StandardEngine    : Starting Servlet engine: [Apache Tomcat/10.1.26]
2024-07-31T17:33:36.109+05:30  INFO 13652 --- [transaction-microservice] [main] o.a.c.c.C.[Tomcat].[localhost].[/]       : Initializing Spring embedded WebApplicationContext
2024-07-31T17:33:36.109+05:30  INFO 13652 --- [transaction-microservice] [main] w.s.c.ServletWebServerApplicationContext : Root WebApplicationContext: initialization completed in 1847 ms
2024-07-31T17:33:36.295+05:30  INFO 13652 --- [transaction-microservice] [main] o.hibernate.jpa.internal.util.LogHelper  : HHH000204: Processing PersistenceUnitInfo [name: default]
2024-07-31T17:33:36.364+05:30  INFO 13652 --- [transaction-microservice] [main] org.hibernate.Version                    : HHH000412: Hibernate ORM core version 6.5.2.Final
2024-07-31T17:33:36.418+05:30  INFO 13652 --- [transaction-microservice] [main] o.h.c.internal.RegionFactoryInitiator    : HHH000026: Second-level cache disabled
2024-07-31T17:33:36.823+05:30  INFO 13652 --- [transaction-microservice] [main] o.s.o.j.p.SpringPersistenceUnitInfo      : No LoadTimeWeaver setup: ignoring JPA class transformer
2024-07-31T17:33:36.860+05:30  INFO 13652 --- [transaction-microservice] [main] com.zaxxer.hikari.HikariDataSource       : HikariPool-1 - Starting...
2024-07-31T17:33:37.233+05:30  INFO 13652 --- [transaction-microservice] [main] com.zaxxer.hikari.pool.HikariPool        : HikariPool-1 - Added connection com.mysql.cj.jdbc.ConnectionImpl@4f552aa2
2024-07-31T17:33:37.235+05:30  INFO 13652 --- [transaction-microservice] [main] com.zaxxer.hikari.HikariDataSource       : HikariPool-1 - Start completed.
2024-07-31T17:33:38.350+05:30  INFO 13652 --- [transaction-microservice] [main] o.h.e.t.j.p.i.JtaPlatformInitiator       : HHH000489: No JTA platform available (set 'hibernate.transaction.jta.platform' to enable JTA platform integration)
2024-07-31T17:33:38.415+05:30  INFO 13652 --- [transaction-microservice] [main] j.LocalContainerEntityManagerFactoryBean : Initialized JPA EntityManagerFactory for persistence unit 'default'
2024-07-31T17:33:38.551+05:30  WARN 13652 --- [transaction-microservice] [main] JpaBaseConfiguration$JpaWebConfiguration : spring.jpa.open-in-view is enabled by default. Therefore, database queries may be performed during view rendering. Explicitly configure spring.jpa.open-in-view to disable this warning
2024-07-31T17:33:38.687+05:30  INFO 13652 --- [transaction-microservice] [main] r$InitializeUserDetailsManagerConfigurer : Global AuthenticationManager configured with UserDetailsService bean with name transactionService
2024-07-31T17:33:39.694+05:30  INFO 13652 --- [transaction-microservice] [main] o.s.b.w.embedded.tomcat.TomcatWebServer  : Tomcat started on port 8004 (http) with context path '/'
2024-07-31T17:33:39.715+05:30  INFO 13652 --- [transaction-microservice] [main] c.e.t.TransactionMicroserviceApplication : Started TransactionMicroserviceApplication in 6.156 seconds (process running for 6.742)
2024-07-31T17:34:07.848+05:30  INFO 13652 --- [transaction-microservice] [http-nio-8004-exec-1] o.a.c.c.C.[Tomcat].[localhost].[/]       : Initializing Spring DispatcherServlet 'dispatcherServlet'
2024-07-31T17:34:07.848+05:30  INFO 13652 --- [transaction-microservice] [http-nio-8004-exec-1] o.s.web.servlet.DispatcherServlet        : Initializing Servlet 'dispatcherServlet'
2024-07-31T17:34:07.850+05:30  INFO 13652 --- [transaction-microservice] [http-nio-8004-exec-1] o.s.web.servlet.DispatcherServlet        : Completed initialization in 2 ms
2024-07-31T17:36:55.914+05:30  WARN 13652 --- [transaction-microservice] [HikariPool-1 housekeeper] com.zaxxer.hikari.pool.HikariPool        : HikariPool-1 - Thread starvation or clock leap detected (housekeeper delta=2m12s537ms353µs200ns).
2024-07-31T17:37:10.728+05:30  INFO 13652 --- [transaction-microservice] [http-nio-8004-exec-1] c.e.t.service.TransactionService         : sender user details fetched through UserServiceClient: null
2024-07-31T17:37:49.846+05:30  WARN 13652 --- [transaction-microservice] [HikariPool-1 housekeeper] com.zaxxer.hikari.pool.HikariPool        : HikariPool-1 - Thread starvation or clock leap detected (housekeeper delta=53s942ms86µs800ns).
2024-07-31T17:39:20.525+05:30  INFO 13652 --- [transaction-microservice] [http-nio-8004-exec-4] c.e.t.service.TransactionService         : sender user details fetched through UserServiceClient: {"id":2,"name":"abhay","email":"abhay@gmail.com","phoneNum":"1234567891","password":"$2a$10$nnvy2tChZZ/ErUqNMOkk0u9jWQgx0JBelCW4mJ1W0Hiql9OBIrDJ.","userType":"USER","userStatus":"ACTIVE","authorities":[{"authority":"USER"}],"userIdentificationType":"PAN","userIdentificationValue":"a1","createdOn":1722413671578,"updatedOn":1722413671576,"username":"1234567891","enabled":true,"accountNonLocked":true,"accountNonExpired":true,"credentialsNonExpired":true}
2024-07-31T17:40:53.411+05:30  INFO 13652 --- [transaction-microservice] [SpringApplicationShutdownHook] j.LocalContainerEntityManagerFactoryBean : Closing JPA EntityManagerFactory for persistence unit 'default'
2024-07-31T17:40:53.443+05:30  INFO 13652 --- [transaction-microservice] [SpringApplicationShutdownHook] com.zaxxer.hikari.HikariDataSource       : HikariPool-1 - Shutdown initiated...
2024-07-31T17:40:53.495+05:30  INFO 13652 --- [transaction-microservice] [SpringApplicationShutdownHook] com.zaxxer.hikari.HikariDataSource       : HikariPool-1 - Shutdown completed.
2024-07-31T18:01:23.049+05:30  INFO 27816 --- [transaction-microservice] [main] c.e.t.TransactionMicroserviceApplication : Starting TransactionMicroserviceApplication using Java 21.0.4 with PID 27816 (C:\Users\ACER\IdeaProjects\Ewallet\transaction-microservice\target\classes started by ACER in C:\Users\ACER\IdeaProjects\Ewallet)
2024-07-31T18:01:23.053+05:30  INFO 27816 --- [transaction-microservice] [main] c.e.t.TransactionMicroserviceApplication : No active profile set, falling back to 1 default profile: "default"
2024-07-31T18:01:24.108+05:30  INFO 27816 --- [transaction-microservice] [main] .s.d.r.c.RepositoryConfigurationDelegate : Bootstrapping Spring Data JPA repositories in DEFAULT mode.
2024-07-31T18:01:24.181+05:30  INFO 27816 --- [transaction-microservice] [main] .s.d.r.c.RepositoryConfigurationDelegate : Finished Spring Data repository scanning in 63 ms. Found 1 JPA repository interface.
2024-07-31T18:01:24.463+05:30  INFO 27816 --- [transaction-microservice] [main] o.s.cloud.context.scope.GenericScope     : BeanFactory id=742aff38-4ecb-32dd-bf24-6725afd16417
2024-07-31T18:01:25.102+05:30  INFO 27816 --- [transaction-microservice] [main] o.s.b.w.embedded.tomcat.TomcatWebServer  : Tomcat initialized with port 8004 (http)
2024-07-31T18:01:25.117+05:30  INFO 27816 --- [transaction-microservice] [main] o.apache.catalina.core.StandardService   : Starting service [Tomcat]
2024-07-31T18:01:25.117+05:30  INFO 27816 --- [transaction-microservice] [main] o.apache.catalina.core.StandardEngine    : Starting Servlet engine: [Apache Tomcat/10.1.26]
2024-07-31T18:01:25.191+05:30  INFO 27816 --- [transaction-microservice] [main] o.a.c.c.C.[Tomcat].[localhost].[/]       : Initializing Spring embedded WebApplicationContext
2024-07-31T18:01:25.192+05:30  INFO 27816 --- [transaction-microservice] [main] w.s.c.ServletWebServerApplicationContext : Root WebApplicationContext: initialization completed in 2060 ms
2024-07-31T18:01:25.429+05:30  INFO 27816 --- [transaction-microservice] [main] o.hibernate.jpa.internal.util.LogHelper  : HHH000204: Processing PersistenceUnitInfo [name: default]
2024-07-31T18:01:25.516+05:30  INFO 27816 --- [transaction-microservice] [main] org.hibernate.Version                    : HHH000412: Hibernate ORM core version 6.5.2.Final
2024-07-31T18:01:25.570+05:30  INFO 27816 --- [transaction-microservice] [main] o.h.c.internal.RegionFactoryInitiator    : HHH000026: Second-level cache disabled
2024-07-31T18:01:25.914+05:30  INFO 27816 --- [transaction-microservice] [main] o.s.o.j.p.SpringPersistenceUnitInfo      : No LoadTimeWeaver setup: ignoring JPA class transformer
2024-07-31T18:01:25.947+05:30  INFO 27816 --- [transaction-microservice] [main] com.zaxxer.hikari.HikariDataSource       : HikariPool-1 - Starting...
2024-07-31T18:01:26.482+05:30  INFO 27816 --- [transaction-microservice] [main] com.zaxxer.hikari.pool.HikariPool        : HikariPool-1 - Added connection com.mysql.cj.jdbc.ConnectionImpl@7079f8f0
2024-07-31T18:01:26.485+05:30  INFO 27816 --- [transaction-microservice] [main] com.zaxxer.hikari.HikariDataSource       : HikariPool-1 - Start completed.
2024-07-31T18:01:27.418+05:30  INFO 27816 --- [transaction-microservice] [main] o.h.e.t.j.p.i.JtaPlatformInitiator       : HHH000489: No JTA platform available (set 'hibernate.transaction.jta.platform' to enable JTA platform integration)
2024-07-31T18:01:27.495+05:30  INFO 27816 --- [transaction-microservice] [main] j.LocalContainerEntityManagerFactoryBean : Initialized JPA EntityManagerFactory for persistence unit 'default'
2024-07-31T18:01:27.890+05:30  WARN 27816 --- [transaction-microservice] [main] JpaBaseConfiguration$JpaWebConfiguration : spring.jpa.open-in-view is enabled by default. Therefore, database queries may be performed during view rendering. Explicitly configure spring.jpa.open-in-view to disable this warning
2024-07-31T18:01:28.200+05:30  INFO 27816 --- [transaction-microservice] [main] r$InitializeUserDetailsManagerConfigurer : Global AuthenticationManager configured with UserDetailsService bean with name transactionService
2024-07-31T18:01:28.904+05:30  INFO 27816 --- [transaction-microservice] [main] o.s.b.w.embedded.tomcat.TomcatWebServer  : Tomcat started on port 8004 (http) with context path '/'
2024-07-31T18:01:28.919+05:30  INFO 27816 --- [transaction-microservice] [main] c.e.t.TransactionMicroserviceApplication : Started TransactionMicroserviceApplication in 6.488 seconds (process running for 6.986)
2024-07-31T18:02:04.916+05:30  INFO 27816 --- [transaction-microservice] [http-nio-8004-exec-1] o.a.c.c.C.[Tomcat].[localhost].[/]       : Initializing Spring DispatcherServlet 'dispatcherServlet'
2024-07-31T18:02:04.917+05:30  INFO 27816 --- [transaction-microservice] [http-nio-8004-exec-1] o.s.web.servlet.DispatcherServlet        : Initializing Servlet 'dispatcherServlet'
2024-07-31T18:02:04.918+05:30  INFO 27816 --- [transaction-microservice] [http-nio-8004-exec-1] o.s.web.servlet.DispatcherServlet        : Completed initialization in 1 ms
2024-07-31T18:03:25.719+05:30  INFO 27816 --- [transaction-microservice] [http-nio-8004-exec-5] c.e.t.service.TransactionService         : sender user details fetched through UserServiceClient: {"id":2,"name":"abhay","email":"abhay@gmail.com","phoneNum":"1234567891","password":"$2a$10$nnvy2tChZZ/ErUqNMOkk0u9jWQgx0JBelCW4mJ1W0Hiql9OBIrDJ.","userType":"USER","userStatus":"ACTIVE","authorities":[{"authority":"USER"}],"userIdentificationType":"PAN","userIdentificationValue":"a1","createdOn":1722413671578,"updatedOn":1722413671576,"username":"1234567891","enabled":true,"accountNonLocked":true,"accountNonExpired":true,"credentialsNonExpired":true}
2024-07-31T18:03:25.725+05:30  INFO 27816 --- [transaction-microservice] [http-nio-8004-exec-5] c.e.t.service.TransactionService         : authenticated sender user details: org.springframework.security.core.userdetails.User [Username=1234567891, Password=[PROTECTED], Enabled=true, AccountNonExpired=true, CredentialsNonExpired=true, AccountNonLocked=true, Granted Authorities=[USER]]
2024-07-31T18:03:26.011+05:30  INFO 27816 --- [transaction-microservice] [http-nio-8004-exec-5] c.e.t.service.TransactionService         : transaction saved: Transaction(id=1, transactionId=079798a2-c1be-40a0-92ea-9d48df424722, senderPhoneNum=1234567891, receiverPhoneNum=1234567892, amount=25.0, purpose=new joinee gift, transactionStatus=INITIATED, createdOn=2024-07-31 18:03:25.933618, updatedOn=Wed Jul 31 18:03:25 IST 2024)
2024-07-31T18:47:13.902+05:30  INFO 27816 --- [transaction-microservice] [SpringApplicationShutdownHook] j.LocalContainerEntityManagerFactoryBean : Closing JPA EntityManagerFactory for persistence unit 'default'
2024-07-31T18:47:13.965+05:30  INFO 27816 --- [transaction-microservice] [SpringApplicationShutdownHook] com.zaxxer.hikari.HikariDataSource       : HikariPool-1 - Shutdown initiated...
2024-07-31T18:47:14.023+05:30  INFO 27816 --- [transaction-microservice] [SpringApplicationShutdownHook] com.zaxxer.hikari.HikariDataSource       : HikariPool-1 - Shutdown completed.
2024-07-31T18:47:20.538+05:30  INFO 15436 --- [transaction-microservice] [main] c.e.t.TransactionMicroserviceApplication : Starting TransactionMicroserviceApplication using Java 21.0.4 with PID 15436 (C:\Users\ACER\IdeaProjects\Ewallet\transaction-microservice\target\classes started by ACER in C:\Users\ACER\IdeaProjects\Ewallet)
2024-07-31T18:47:20.541+05:30  INFO 15436 --- [transaction-microservice] [main] c.e.t.TransactionMicroserviceApplication : No active profile set, falling back to 1 default profile: "default"
2024-07-31T18:47:21.598+05:30  INFO 15436 --- [transaction-microservice] [main] .s.d.r.c.RepositoryConfigurationDelegate : Bootstrapping Spring Data JPA repositories in DEFAULT mode.
2024-07-31T18:47:21.674+05:30  INFO 15436 --- [transaction-microservice] [main] .s.d.r.c.RepositoryConfigurationDelegate : Finished Spring Data repository scanning in 62 ms. Found 1 JPA repository interface.
2024-07-31T18:47:21.973+05:30  INFO 15436 --- [transaction-microservice] [main] o.s.cloud.context.scope.GenericScope     : BeanFactory id=acc837d5-e88b-3712-a5c1-e59f506f8ee9
2024-07-31T18:47:22.523+05:30  INFO 15436 --- [transaction-microservice] [main] o.s.b.w.embedded.tomcat.TomcatWebServer  : Tomcat initialized with port 8004 (http)
2024-07-31T18:47:22.585+05:30  INFO 15436 --- [transaction-microservice] [main] o.apache.catalina.core.StandardService   : Starting service [Tomcat]
2024-07-31T18:47:22.586+05:30  INFO 15436 --- [transaction-microservice] [main] o.apache.catalina.core.StandardEngine    : Starting Servlet engine: [Apache Tomcat/10.1.26]
2024-07-31T18:47:22.747+05:30  INFO 15436 --- [transaction-microservice] [main] o.a.c.c.C.[Tomcat].[localhost].[/]       : Initializing Spring embedded WebApplicationContext
2024-07-31T18:47:22.748+05:30  INFO 15436 --- [transaction-microservice] [main] w.s.c.ServletWebServerApplicationContext : Root WebApplicationContext: initialization completed in 2120 ms
2024-07-31T18:47:22.976+05:30  INFO 15436 --- [transaction-microservice] [main] o.hibernate.jpa.internal.util.LogHelper  : HHH000204: Processing PersistenceUnitInfo [name: default]
2024-07-31T18:47:23.065+05:30  INFO 15436 --- [transaction-microservice] [main] org.hibernate.Version                    : HHH000412: Hibernate ORM core version 6.5.2.Final
2024-07-31T18:47:23.120+05:30  INFO 15436 --- [transaction-microservice] [main] o.h.c.internal.RegionFactoryInitiator    : HHH000026: Second-level cache disabled
2024-07-31T18:47:23.473+05:30  INFO 15436 --- [transaction-microservice] [main] o.s.o.j.p.SpringPersistenceUnitInfo      : No LoadTimeWeaver setup: ignoring JPA class transformer
2024-07-31T18:47:23.506+05:30  INFO 15436 --- [transaction-microservice] [main] com.zaxxer.hikari.HikariDataSource       : HikariPool-1 - Starting...
2024-07-31T18:47:23.988+05:30  INFO 15436 --- [transaction-microservice] [main] com.zaxxer.hikari.pool.HikariPool        : HikariPool-1 - Added connection com.mysql.cj.jdbc.ConnectionImpl@1c0e4262
2024-07-31T18:47:23.989+05:30  INFO 15436 --- [transaction-microservice] [main] com.zaxxer.hikari.HikariDataSource       : HikariPool-1 - Start completed.
2024-07-31T18:47:25.204+05:30  INFO 15436 --- [transaction-microservice] [main] o.h.e.t.j.p.i.JtaPlatformInitiator       : HHH000489: No JTA platform available (set 'hibernate.transaction.jta.platform' to enable JTA platform integration)
2024-07-31T18:47:25.258+05:30  INFO 15436 --- [transaction-microservice] [main] j.LocalContainerEntityManagerFactoryBean : Initialized JPA EntityManagerFactory for persistence unit 'default'
2024-07-31T18:47:25.375+05:30  WARN 15436 --- [transaction-microservice] [main] JpaBaseConfiguration$JpaWebConfiguration : spring.jpa.open-in-view is enabled by default. Therefore, database queries may be performed during view rendering. Explicitly configure spring.jpa.open-in-view to disable this warning
2024-07-31T18:47:25.823+05:30  INFO 15436 --- [transaction-microservice] [main] r$InitializeUserDetailsManagerConfigurer : Global AuthenticationManager configured with UserDetailsService bean with name transactionService
2024-07-31T18:47:26.697+05:30  INFO 15436 --- [transaction-microservice] [main] o.s.b.w.embedded.tomcat.TomcatWebServer  : Tomcat started on port 8004 (http) with context path '/'
2024-07-31T18:47:26.717+05:30  INFO 15436 --- [transaction-microservice] [main] c.e.t.TransactionMicroserviceApplication : Started TransactionMicroserviceApplication in 6.768 seconds (process running for 7.365)
2024-07-31T18:47:51.140+05:30  INFO 15436 --- [transaction-microservice] [http-nio-8004-exec-1] o.a.c.c.C.[Tomcat].[localhost].[/]       : Initializing Spring DispatcherServlet 'dispatcherServlet'
2024-07-31T18:47:51.141+05:30  INFO 15436 --- [transaction-microservice] [http-nio-8004-exec-1] o.s.web.servlet.DispatcherServlet        : Initializing Servlet 'dispatcherServlet'
2024-07-31T18:47:51.142+05:30  INFO 15436 --- [transaction-microservice] [http-nio-8004-exec-1] o.s.web.servlet.DispatcherServlet        : Completed initialization in 1 ms
2024-07-31T18:47:52.534+05:30  INFO 15436 --- [transaction-microservice] [http-nio-8004-exec-1] c.e.t.service.TransactionService         : sender user details fetched through UserServiceClient: {"id":2,"name":"abhay","email":"abhay@gmail.com","phoneNum":"1234567891","password":"$2a$10$nnvy2tChZZ/ErUqNMOkk0u9jWQgx0JBelCW4mJ1W0Hiql9OBIrDJ.","userType":"USER","userStatus":"ACTIVE","authorities":[{"authority":"USER"}],"userIdentificationType":"PAN","userIdentificationValue":"a1","createdOn":1722413671578,"updatedOn":1722413671576,"username":"1234567891","enabled":true,"accountNonLocked":true,"accountNonExpired":true,"credentialsNonExpired":true}
2024-07-31T18:47:52.548+05:30  INFO 15436 --- [transaction-microservice] [http-nio-8004-exec-1] c.e.t.service.TransactionService         : authenticated sender user details: org.springframework.security.core.userdetails.User [Username=1234567891, Password=[PROTECTED], Enabled=true, AccountNonExpired=true, CredentialsNonExpired=true, AccountNonLocked=true, Granted Authorities=[USER]]
2024-07-31T18:47:52.870+05:30  INFO 15436 --- [transaction-microservice] [http-nio-8004-exec-1] c.e.t.service.TransactionService         : transaction saved: Transaction(id=2, transactionId=83724008-ccb3-48de-b1c2-7fa92f3ace35, senderPhoneNum=1234567891, receiverPhoneNum=1234567892, amount=20.0, purpose=new phone, transactionStatus=INITIATED, createdOn=2024-07-31 18:47:52.805406, updatedOn=Wed Jul 31 18:47:52 IST 2024)
2024-07-31T18:47:52.925+05:30  INFO 15436 --- [transaction-microservice] [http-nio-8004-exec-1] o.a.k.clients.producer.ProducerConfig    : ProducerConfig values: 
	acks = -1
	auto.include.jmx.reporter = true
	batch.size = 16384
	bootstrap.servers = [localhost:9092]
	buffer.memory = 33554432
	client.dns.lookup = use_all_dns_ips
	client.id = transaction-microservice-producer-1
	compression.type = none
	connections.max.idle.ms = 540000
	delivery.timeout.ms = 120000
	enable.idempotence = true
	enable.metrics.push = true
	interceptor.classes = []
	key.serializer = class org.apache.kafka.common.serialization.StringSerializer
	linger.ms = 0
	max.block.ms = 60000
	max.in.flight.requests.per.connection = 5
	max.request.size = 1048576
	metadata.max.age.ms = 300000
	metadata.max.idle.ms = 300000
	metric.reporters = []
	metrics.num.samples = 2
	metrics.recording.level = INFO
	metrics.sample.window.ms = 30000
	partitioner.adaptive.partitioning.enable = true
	partitioner.availability.timeout.ms = 0
	partitioner.class = null
	partitioner.ignore.keys = false
	receive.buffer.bytes = 32768
	reconnect.backoff.max.ms = 1000
	reconnect.backoff.ms = 50
	request.timeout.ms = 30000
	retries = 2147483647
	retry.backoff.max.ms = 1000
	retry.backoff.ms = 100
	sasl.client.callback.handler.class = null
	sasl.jaas.config = null
	sasl.kerberos.kinit.cmd = /usr/bin/kinit
	sasl.kerberos.min.time.before.relogin = 60000
	sasl.kerberos.service.name = null
	sasl.kerberos.ticket.renew.jitter = 0.05
	sasl.kerberos.ticket.renew.window.factor = 0.8
	sasl.login.callback.handler.class = null
	sasl.login.class = null
	sasl.login.connect.timeout.ms = null
	sasl.login.read.timeout.ms = null
	sasl.login.refresh.buffer.seconds = 300
	sasl.login.refresh.min.period.seconds = 60
	sasl.login.refresh.window.factor = 0.8
	sasl.login.refresh.window.jitter = 0.05
	sasl.login.retry.backoff.max.ms = 10000
	sasl.login.retry.backoff.ms = 100
	sasl.mechanism = GSSAPI
	sasl.oauthbearer.clock.skew.seconds = 30
	sasl.oauthbearer.expected.audience = null
	sasl.oauthbearer.expected.issuer = null
	sasl.oauthbearer.jwks.endpoint.refresh.ms = 3600000
	sasl.oauthbearer.jwks.endpoint.retry.backoff.max.ms = 10000
	sasl.oauthbearer.jwks.endpoint.retry.backoff.ms = 100
	sasl.oauthbearer.jwks.endpoint.url = null
	sasl.oauthbearer.scope.claim.name = scope
	sasl.oauthbearer.sub.claim.name = sub
	sasl.oauthbearer.token.endpoint.url = null
	security.protocol = PLAINTEXT
	security.providers = null
	send.buffer.bytes = 131072
	socket.connection.setup.timeout.max.ms = 30000
	socket.connection.setup.timeout.ms = 10000
	ssl.cipher.suites = null
	ssl.enabled.protocols = [TLSv1.2, TLSv1.3]
	ssl.endpoint.identification.algorithm = https
	ssl.engine.factory.class = null
	ssl.key.password = null
	ssl.keymanager.algorithm = SunX509
	ssl.keystore.certificate.chain = null
	ssl.keystore.key = null
	ssl.keystore.location = null
	ssl.keystore.password = null
	ssl.keystore.type = JKS
	ssl.protocol = TLSv1.3
	ssl.provider = null
	ssl.secure.random.implementation = null
	ssl.trustmanager.algorithm = PKIX
	ssl.truststore.certificates = null
	ssl.truststore.location = null
	ssl.truststore.password = null
	ssl.truststore.type = JKS
	transaction.timeout.ms = 60000
	transactional.id = null
	value.serializer = class org.apache.kafka.common.serialization.StringSerializer

2024-07-31T18:47:52.984+05:30  INFO 15436 --- [transaction-microservice] [http-nio-8004-exec-1] o.a.k.c.t.i.KafkaMetricsCollector        : initializing Kafka metrics collector
2024-07-31T18:47:53.159+05:30  INFO 15436 --- [transaction-microservice] [http-nio-8004-exec-1] o.a.k.clients.producer.KafkaProducer     : [Producer clientId=transaction-microservice-producer-1] Instantiated an idempotent producer.
2024-07-31T18:47:53.244+05:30  INFO 15436 --- [transaction-microservice] [http-nio-8004-exec-1] o.a.kafka.common.utils.AppInfoParser     : Kafka version: 3.7.1
2024-07-31T18:47:53.245+05:30  INFO 15436 --- [transaction-microservice] [http-nio-8004-exec-1] o.a.kafka.common.utils.AppInfoParser     : Kafka commitId: e2494e6ffb89f828
2024-07-31T18:47:53.246+05:30  INFO 15436 --- [transaction-microservice] [http-nio-8004-exec-1] o.a.kafka.common.utils.AppInfoParser     : Kafka startTimeMs: 1722431873240
2024-07-31T18:47:55.622+05:30  WARN 15436 --- [transaction-microservice] [kafka-producer-network-thread | transaction-microservice-producer-1] org.apache.kafka.clients.NetworkClient   : [Producer clientId=transaction-microservice-producer-1] Error while fetching metadata with correlation id 1 : {wallet_transaction_initiated=LEADER_NOT_AVAILABLE}
2024-07-31T18:47:55.623+05:30  INFO 15436 --- [transaction-microservice] [kafka-producer-network-thread | transaction-microservice-producer-1] org.apache.kafka.clients.Metadata        : [Producer clientId=transaction-microservice-producer-1] Cluster ID: i_IDOsjFRWGy5kCAMyN6PQ
2024-07-31T18:47:55.626+05:30  INFO 15436 --- [transaction-microservice] [kafka-producer-network-thread | transaction-microservice-producer-1] o.a.k.c.p.internals.TransactionManager   : [Producer clientId=transaction-microservice-producer-1] ProducerId set to 5003 with epoch 0
2024-07-31T18:47:55.747+05:30  WARN 15436 --- [transaction-microservice] [kafka-producer-network-thread | transaction-microservice-producer-1] org.apache.kafka.clients.NetworkClient   : [Producer clientId=transaction-microservice-producer-1] Error while fetching metadata with correlation id 5 : {wallet_transaction_initiated=LEADER_NOT_AVAILABLE}
2024-07-31T18:47:55.991+05:30  WARN 15436 --- [transaction-microservice] [kafka-producer-network-thread | transaction-microservice-producer-1] org.apache.kafka.clients.NetworkClient   : [Producer clientId=transaction-microservice-producer-1] Error while fetching metadata with correlation id 6 : {wallet_transaction_initiated=LEADER_NOT_AVAILABLE}
2024-07-31T18:47:56.489+05:30  INFO 15436 --- [transaction-microservice] [http-nio-8004-exec-1] c.e.t.service.TransactionService         : transaction initiated msg published to kafka: {"SENDER_PHONE_NUM":"1234567891","RECEIVER_PHONE_NUM":"1234567892","AMOUNT":20.0,"TRANSACTION_ID":"83724008-ccb3-48de-b1c2-7fa92f3ace35"}
2024-07-31T18:56:56.535+05:30  INFO 15436 --- [transaction-microservice] [kafka-producer-network-thread | transaction-microservice-producer-1] org.apache.kafka.clients.NetworkClient   : [Producer clientId=transaction-microservice-producer-1] Node -1 disconnected.
2024-07-31T19:06:53.978+05:30  INFO 15436 --- [transaction-microservice] [kafka-producer-network-thread | transaction-microservice-producer-1] org.apache.kafka.clients.NetworkClient   : [Producer clientId=transaction-microservice-producer-1] Node -1 disconnected.
2024-07-31T21:14:24.582+05:30  INFO 15436 --- [transaction-microservice] [SpringApplicationShutdownHook] o.a.k.clients.producer.KafkaProducer     : [Producer clientId=transaction-microservice-producer-1] Closing the Kafka producer with timeoutMillis = 30000 ms.
2024-07-31T21:14:24.737+05:30  INFO 15436 --- [transaction-microservice] [SpringApplicationShutdownHook] o.apache.kafka.common.metrics.Metrics    : Metrics scheduler closed
2024-07-31T21:14:24.739+05:30  INFO 15436 --- [transaction-microservice] [SpringApplicationShutdownHook] o.apache.kafka.common.metrics.Metrics    : Closing reporter org.apache.kafka.common.metrics.JmxReporter
2024-07-31T21:14:24.739+05:30  INFO 15436 --- [transaction-microservice] [SpringApplicationShutdownHook] o.apache.kafka.common.metrics.Metrics    : Closing reporter org.apache.kafka.common.telemetry.internals.ClientTelemetryReporter
2024-07-31T21:14:24.739+05:30  INFO 15436 --- [transaction-microservice] [SpringApplicationShutdownHook] o.apache.kafka.common.metrics.Metrics    : Metrics reporters closed
2024-07-31T21:14:24.756+05:30  INFO 15436 --- [transaction-microservice] [SpringApplicationShutdownHook] o.a.kafka.common.utils.AppInfoParser     : App info kafka.producer for transaction-microservice-producer-1 unregistered
2024-07-31T21:14:24.888+05:30  INFO 15436 --- [transaction-microservice] [SpringApplicationShutdownHook] j.LocalContainerEntityManagerFactoryBean : Closing JPA EntityManagerFactory for persistence unit 'default'
2024-07-31T21:14:25.038+05:30  INFO 15436 --- [transaction-microservice] [SpringApplicationShutdownHook] com.zaxxer.hikari.HikariDataSource       : HikariPool-1 - Shutdown initiated...
2024-07-31T21:14:25.127+05:30  INFO 15436 --- [transaction-microservice] [SpringApplicationShutdownHook] com.zaxxer.hikari.HikariDataSource       : HikariPool-1 - Shutdown completed.
2024-07-31T21:14:31.092+05:30  INFO 22808 --- [transaction-microservice] [main] c.e.t.TransactionMicroserviceApplication : Starting TransactionMicroserviceApplication using Java 21.0.4 with PID 22808 (C:\Users\ACER\IdeaProjects\Ewallet\transaction-microservice\target\classes started by ACER in C:\Users\ACER\IdeaProjects\Ewallet)
2024-07-31T21:14:31.095+05:30  INFO 22808 --- [transaction-microservice] [main] c.e.t.TransactionMicroserviceApplication : No active profile set, falling back to 1 default profile: "default"
2024-07-31T21:14:32.185+05:30  INFO 22808 --- [transaction-microservice] [main] .s.d.r.c.RepositoryConfigurationDelegate : Bootstrapping Spring Data JPA repositories in DEFAULT mode.
2024-07-31T21:14:32.260+05:30  INFO 22808 --- [transaction-microservice] [main] .s.d.r.c.RepositoryConfigurationDelegate : Finished Spring Data repository scanning in 56 ms. Found 1 JPA repository interface.
2024-07-31T21:14:32.540+05:30  INFO 22808 --- [transaction-microservice] [main] o.s.cloud.context.scope.GenericScope     : BeanFactory id=acc837d5-e88b-3712-a5c1-e59f506f8ee9
2024-07-31T21:14:33.032+05:30  INFO 22808 --- [transaction-microservice] [main] o.s.b.w.embedded.tomcat.TomcatWebServer  : Tomcat initialized with port 8004 (http)
2024-07-31T21:14:33.045+05:30  INFO 22808 --- [transaction-microservice] [main] o.apache.catalina.core.StandardService   : Starting service [Tomcat]
2024-07-31T21:14:33.046+05:30  INFO 22808 --- [transaction-microservice] [main] o.apache.catalina.core.StandardEngine    : Starting Servlet engine: [Apache Tomcat/10.1.26]
2024-07-31T21:14:33.110+05:30  INFO 22808 --- [transaction-microservice] [main] o.a.c.c.C.[Tomcat].[localhost].[/]       : Initializing Spring embedded WebApplicationContext
2024-07-31T21:14:33.110+05:30  INFO 22808 --- [transaction-microservice] [main] w.s.c.ServletWebServerApplicationContext : Root WebApplicationContext: initialization completed in 1939 ms
2024-07-31T21:14:33.290+05:30  INFO 22808 --- [transaction-microservice] [main] o.hibernate.jpa.internal.util.LogHelper  : HHH000204: Processing PersistenceUnitInfo [name: default]
2024-07-31T21:14:33.361+05:30  INFO 22808 --- [transaction-microservice] [main] org.hibernate.Version                    : HHH000412: Hibernate ORM core version 6.5.2.Final
2024-07-31T21:14:33.409+05:30  INFO 22808 --- [transaction-microservice] [main] o.h.c.internal.RegionFactoryInitiator    : HHH000026: Second-level cache disabled
2024-07-31T21:14:33.742+05:30  INFO 22808 --- [transaction-microservice] [main] o.s.o.j.p.SpringPersistenceUnitInfo      : No LoadTimeWeaver setup: ignoring JPA class transformer
2024-07-31T21:14:33.772+05:30  INFO 22808 --- [transaction-microservice] [main] com.zaxxer.hikari.HikariDataSource       : HikariPool-1 - Starting...
2024-07-31T21:14:34.211+05:30  INFO 22808 --- [transaction-microservice] [main] com.zaxxer.hikari.pool.HikariPool        : HikariPool-1 - Added connection com.mysql.cj.jdbc.ConnectionImpl@29c25bbc
2024-07-31T21:14:34.213+05:30  INFO 22808 --- [transaction-microservice] [main] com.zaxxer.hikari.HikariDataSource       : HikariPool-1 - Start completed.
2024-07-31T21:14:35.169+05:30  INFO 22808 --- [transaction-microservice] [main] o.h.e.t.j.p.i.JtaPlatformInitiator       : HHH000489: No JTA platform available (set 'hibernate.transaction.jta.platform' to enable JTA platform integration)
2024-07-31T21:14:35.307+05:30  INFO 22808 --- [transaction-microservice] [main] j.LocalContainerEntityManagerFactoryBean : Initialized JPA EntityManagerFactory for persistence unit 'default'
2024-07-31T21:14:35.417+05:30  WARN 22808 --- [transaction-microservice] [main] JpaBaseConfiguration$JpaWebConfiguration : spring.jpa.open-in-view is enabled by default. Therefore, database queries may be performed during view rendering. Explicitly configure spring.jpa.open-in-view to disable this warning
2024-07-31T21:14:35.787+05:30  INFO 22808 --- [transaction-microservice] [main] r$InitializeUserDetailsManagerConfigurer : Global AuthenticationManager configured with UserDetailsService bean with name transactionService
2024-07-31T21:14:36.349+05:30  INFO 22808 --- [transaction-microservice] [main] o.s.b.w.embedded.tomcat.TomcatWebServer  : Tomcat started on port 8004 (http) with context path '/'
2024-07-31T21:14:36.364+05:30  INFO 22808 --- [transaction-microservice] [main] c.e.t.TransactionMicroserviceApplication : Started TransactionMicroserviceApplication in 5.915 seconds (process running for 6.424)
2024-07-31T21:26:28.805+05:30  INFO 22808 --- [transaction-microservice] [http-nio-8004-exec-2] o.a.c.c.C.[Tomcat].[localhost].[/]       : Initializing Spring DispatcherServlet 'dispatcherServlet'
2024-07-31T21:26:28.817+05:30  INFO 22808 --- [transaction-microservice] [http-nio-8004-exec-2] o.s.web.servlet.DispatcherServlet        : Initializing Servlet 'dispatcherServlet'
2024-07-31T21:26:28.910+05:30  INFO 22808 --- [transaction-microservice] [http-nio-8004-exec-2] o.s.web.servlet.DispatcherServlet        : Completed initialization in 93 ms
2024-07-31T21:26:30.568+05:30  INFO 22808 --- [transaction-microservice] [http-nio-8004-exec-2] c.e.t.service.TransactionService         : sender user details fetched through UserServiceClient: {"id":2,"name":"abhay","email":"abhay@gmail.com","phoneNum":"1234567891","password":"$2a$10$nnvy2tChZZ/ErUqNMOkk0u9jWQgx0JBelCW4mJ1W0Hiql9OBIrDJ.","userType":"USER","userStatus":"ACTIVE","authorities":[{"authority":"USER"}],"userIdentificationType":"PAN","userIdentificationValue":"a1","createdOn":1722413671578,"updatedOn":1722413671576,"username":"1234567891","enabled":true,"accountNonExpired":true,"credentialsNonExpired":true,"accountNonLocked":true}
2024-07-31T21:26:30.597+05:30  INFO 22808 --- [transaction-microservice] [http-nio-8004-exec-2] c.e.t.service.TransactionService         : authenticated sender user details: org.springframework.security.core.userdetails.User [Username=1234567891, Password=[PROTECTED], Enabled=true, AccountNonExpired=true, CredentialsNonExpired=true, AccountNonLocked=true, Granted Authorities=[USER]]
2024-07-31T21:26:31.114+05:30  INFO 22808 --- [transaction-microservice] [http-nio-8004-exec-2] c.e.t.service.TransactionService         : transaction saved: Transaction(id=1, transactionId=bde659a5-b0c2-4260-bc28-54a589bf734f, senderPhoneNum=1234567891, receiverPhoneNum=1234567893, amount=20.0, purpose=new phone, transactionStatusMsg=Transaction initiated, transactionStatus=INITIATED, createdOn=2024-07-31 21:26:31.001445, updatedOn=Wed Jul 31 21:26:30 IST 2024)
2024-07-31T21:26:31.163+05:30  INFO 22808 --- [transaction-microservice] [http-nio-8004-exec-2] o.a.k.clients.producer.ProducerConfig    : ProducerConfig values: 
	acks = -1
	auto.include.jmx.reporter = true
	batch.size = 16384
	bootstrap.servers = [localhost:9092]
	buffer.memory = 33554432
	client.dns.lookup = use_all_dns_ips
	client.id = transaction-microservice-producer-1
	compression.type = none
	connections.max.idle.ms = 540000
	delivery.timeout.ms = 120000
	enable.idempotence = true
	enable.metrics.push = true
	interceptor.classes = []
	key.serializer = class org.apache.kafka.common.serialization.StringSerializer
	linger.ms = 0
	max.block.ms = 60000
	max.in.flight.requests.per.connection = 5
	max.request.size = 1048576
	metadata.max.age.ms = 300000
	metadata.max.idle.ms = 300000
	metric.reporters = []
	metrics.num.samples = 2
	metrics.recording.level = INFO
	metrics.sample.window.ms = 30000
	partitioner.adaptive.partitioning.enable = true
	partitioner.availability.timeout.ms = 0
	partitioner.class = null
	partitioner.ignore.keys = false
	receive.buffer.bytes = 32768
	reconnect.backoff.max.ms = 1000
	reconnect.backoff.ms = 50
	request.timeout.ms = 30000
	retries = 2147483647
	retry.backoff.max.ms = 1000
	retry.backoff.ms = 100
	sasl.client.callback.handler.class = null
	sasl.jaas.config = null
	sasl.kerberos.kinit.cmd = /usr/bin/kinit
	sasl.kerberos.min.time.before.relogin = 60000
	sasl.kerberos.service.name = null
	sasl.kerberos.ticket.renew.jitter = 0.05
	sasl.kerberos.ticket.renew.window.factor = 0.8
	sasl.login.callback.handler.class = null
	sasl.login.class = null
	sasl.login.connect.timeout.ms = null
	sasl.login.read.timeout.ms = null
	sasl.login.refresh.buffer.seconds = 300
	sasl.login.refresh.min.period.seconds = 60
	sasl.login.refresh.window.factor = 0.8
	sasl.login.refresh.window.jitter = 0.05
	sasl.login.retry.backoff.max.ms = 10000
	sasl.login.retry.backoff.ms = 100
	sasl.mechanism = GSSAPI
	sasl.oauthbearer.clock.skew.seconds = 30
	sasl.oauthbearer.expected.audience = null
	sasl.oauthbearer.expected.issuer = null
	sasl.oauthbearer.jwks.endpoint.refresh.ms = 3600000
	sasl.oauthbearer.jwks.endpoint.retry.backoff.max.ms = 10000
	sasl.oauthbearer.jwks.endpoint.retry.backoff.ms = 100
	sasl.oauthbearer.jwks.endpoint.url = null
	sasl.oauthbearer.scope.claim.name = scope
	sasl.oauthbearer.sub.claim.name = sub
	sasl.oauthbearer.token.endpoint.url = null
	security.protocol = PLAINTEXT
	security.providers = null
	send.buffer.bytes = 131072
	socket.connection.setup.timeout.max.ms = 30000
	socket.connection.setup.timeout.ms = 10000
	ssl.cipher.suites = null
	ssl.enabled.protocols = [TLSv1.2, TLSv1.3]
	ssl.endpoint.identification.algorithm = https
	ssl.engine.factory.class = null
	ssl.key.password = null
	ssl.keymanager.algorithm = SunX509
	ssl.keystore.certificate.chain = null
	ssl.keystore.key = null
	ssl.keystore.location = null
	ssl.keystore.password = null
	ssl.keystore.type = JKS
	ssl.protocol = TLSv1.3
	ssl.provider = null
	ssl.secure.random.implementation = null
	ssl.trustmanager.algorithm = PKIX
	ssl.truststore.certificates = null
	ssl.truststore.location = null
	ssl.truststore.password = null
	ssl.truststore.type = JKS
	transaction.timeout.ms = 60000
	transactional.id = null
	value.serializer = class org.apache.kafka.common.serialization.StringSerializer

2024-07-31T21:26:31.201+05:30  INFO 22808 --- [transaction-microservice] [http-nio-8004-exec-2] o.a.k.c.t.i.KafkaMetricsCollector        : initializing Kafka metrics collector
2024-07-31T21:26:31.321+05:30  INFO 22808 --- [transaction-microservice] [http-nio-8004-exec-2] o.a.k.clients.producer.KafkaProducer     : [Producer clientId=transaction-microservice-producer-1] Instantiated an idempotent producer.
2024-07-31T21:26:31.373+05:30  INFO 22808 --- [transaction-microservice] [http-nio-8004-exec-2] o.a.kafka.common.utils.AppInfoParser     : Kafka version: 3.7.1
2024-07-31T21:26:31.373+05:30  INFO 22808 --- [transaction-microservice] [http-nio-8004-exec-2] o.a.kafka.common.utils.AppInfoParser     : Kafka commitId: e2494e6ffb89f828
2024-07-31T21:26:31.373+05:30  INFO 22808 --- [transaction-microservice] [http-nio-8004-exec-2] o.a.kafka.common.utils.AppInfoParser     : Kafka startTimeMs: 1722441391371
2024-07-31T21:26:31.729+05:30  INFO 22808 --- [transaction-microservice] [kafka-producer-network-thread | transaction-microservice-producer-1] org.apache.kafka.clients.Metadata        : [Producer clientId=transaction-microservice-producer-1] Cluster ID: i_IDOsjFRWGy5kCAMyN6PQ
2024-07-31T21:26:31.731+05:30  INFO 22808 --- [transaction-microservice] [kafka-producer-network-thread | transaction-microservice-producer-1] o.a.k.c.p.internals.TransactionManager   : [Producer clientId=transaction-microservice-producer-1] ProducerId set to 5004 with epoch 0
2024-07-31T21:26:31.757+05:30  INFO 22808 --- [transaction-microservice] [http-nio-8004-exec-2] c.e.t.service.TransactionService         : transaction initiated msg published to kafka: {"SENDER_PHONE_NUM":"1234567891","RECEIVER_PHONE_NUM":"1234567893","AMOUNT":20.0,"TRANSACTION_ID":"bde659a5-b0c2-4260-bc28-54a589bf734f"}
2024-07-31T21:35:06.964+05:30  INFO 22808 --- [transaction-microservice] [http-nio-8004-exec-4] c.e.t.service.TransactionService         : sender user details fetched through UserServiceClient: {"id":2,"name":"abhay","email":"abhay@gmail.com","phoneNum":"1234567891","password":"$2a$10$nnvy2tChZZ/ErUqNMOkk0u9jWQgx0JBelCW4mJ1W0Hiql9OBIrDJ.","userType":"USER","userStatus":"ACTIVE","authorities":[{"authority":"USER"}],"userIdentificationType":"PAN","userIdentificationValue":"a1","createdOn":1722413671578,"updatedOn":1722413671576,"username":"1234567891","enabled":true,"accountNonExpired":true,"credentialsNonExpired":true,"accountNonLocked":true}
2024-07-31T21:35:06.967+05:30  INFO 22808 --- [transaction-microservice] [http-nio-8004-exec-4] c.e.t.service.TransactionService         : authenticated sender user details: org.springframework.security.core.userdetails.User [Username=1234567891, Password=[PROTECTED], Enabled=true, AccountNonExpired=true, CredentialsNonExpired=true, AccountNonLocked=true, Granted Authorities=[USER]]
2024-07-31T21:35:07.067+05:30  INFO 22808 --- [transaction-microservice] [http-nio-8004-exec-4] c.e.t.service.TransactionService         : transaction saved: Transaction(id=2, transactionId=7835a4f1-a86b-48f3-80bd-93e04d32f3c6, senderPhoneNum=1234567891, receiverPhoneNum=1234567892, amount=20.0, purpose=new phone, transactionStatusMsg=Transaction initiated, transactionStatus=INITIATED, createdOn=2024-07-31 21:35:07.057982, updatedOn=Wed Jul 31 21:35:07 IST 2024)
2024-07-31T21:35:07.080+05:30  INFO 22808 --- [transaction-microservice] [http-nio-8004-exec-4] c.e.t.service.TransactionService         : transaction initiated msg published to kafka: {"SENDER_PHONE_NUM":"1234567891","RECEIVER_PHONE_NUM":"1234567892","AMOUNT":20.0,"TRANSACTION_ID":"7835a4f1-a86b-48f3-80bd-93e04d32f3c6"}
2024-07-31T21:35:37.157+05:30  INFO 22808 --- [transaction-microservice] [kafka-producer-network-thread | transaction-microservice-producer-1] org.apache.kafka.clients.NetworkClient   : [Producer clientId=transaction-microservice-producer-1] Node -1 disconnected.
